Commit Log for Fri Dec 11 07:38:18 2015


Quitó los paquetes siguientes:
blop

Actualizó los siguientes paquetes:
audacity (2.0.6-2build1) to 2.1.1~2wily1-2
audacity-data (2.0.6-2build1) to 2.1.1~2wily1-2

Instaló los siguientes paquetes:
actiona (3.9.0-0ubuntu1)
actionaz (3.9.0-0ubuntu1)
boomaga (0.7.1-1wily)
libgsoap7 (2.8.22-1)
libjs-jquery-mobile (1.2.0+dfsg-2)
libjs-sphinxdoc (1.2.3+dfsg-1ubuntu3)
libjs-underscore (1.7.0~dfsg-1ubuntu1)
libpoppler-cpp0 (0.33.0-0ubuntu3)
libqt5multimedia5 (5.4.2-1ubuntu2)
libqt5multimediawidgets5 (5.4.2-1ubuntu2)
libqt5scripttools5 (5.4.2+dfsg-4)
libsnappy1v5 (1.1.3-2)
libvncserver1 (0.9.10+dfsg-3)
libwxbase2.8-0 (2.8.12.1+dfsg2-2ubuntu2)
libwxgtk2.8-0 (2.8.12.1+dfsg2-2ubuntu2)
openlp (2.2.1-0ubuntu1~wily1)
python-beautifulsoup (3.2.1-1)
python-decorator (4.0.2-1)
python-enchant (1.6.6-2)
python-mako (1.0.2+ds1-1)
python-markupsafe (0.23-2build1)
python-migrate (0.9.7-1ubuntu1)
python-pbr (1.8.0-2ubuntu1)
python-qt4-gl (4.11.4+dfsg-1build3)
python-qt4-phonon (4.11.4+dfsg-1build3)
python-sqlalchemy (1.0.8+ds1-1ubuntu5)
python-sqlalchemy-ext (1.0.8+ds1-1ubuntu5)
python-sqlparse (0.1.13-2ubuntu2)
python-tempita (0.5.2-1build1)
python3-alembic (0.8.2-2ubuntu2)
python3-enchant (1.6.6-2)
python3-mako (1.0.2+ds1-1)
python3-markupsafe (0.23-2build1)
python3-pyqt4 (4.11.4+dfsg-1build3)
python3-pyqt4.phonon (4.11.4+dfsg-1build3)
python3-pyqt4.qtopengl (4.11.4+dfsg-1build3)
python3-sip (4.16.9+dfsg-1build1)
python3-sqlalchemy (1.0.8+ds1-1ubuntu5)
virtualbox (5.0.10-dfsg-2ubuntu1)
virtualbox-dkms (5.0.10-dfsg-2ubuntu1)
virtualbox-qt (5.0.10-dfsg-2ubuntu1)
