Commit Log for Sun Feb 14 13:19:43 2016


Instaló los siguientes paquetes:
bluedevil (4:5.4.2-0ubuntu1)
debconf-kde-data (1.0.2-0ubuntu1)
kde-cli-tools (4:5.4.2-0ubuntu1)
kde-cli-tools-data (4:5.4.2-0ubuntu1)
kde-config-sddm (4:5.4.2-0ubuntu1)
kde-style-oxygen-qt5 (4:5.4.2-0ubuntu1)
kdesudo (3.4.2.4+repack-2ubuntu4)
kgamma5 (4:5.4.2-0ubuntu1)
khotkeys (4:5.4.2-0ubuntu1)
khotkeys-data (4:5.4.2-0ubuntu1)
kinfocenter (4:5.4.2-0ubuntu1)
kio-extras (4:15.08.2-0ubuntu1)
kio-extras-data (4:15.08.2-0ubuntu1)
kmenuedit (4:5.4.2-0ubuntu1)
kscreen (4:5.4.2-0ubuntu1)
ksshaskpass (4:5.4.2-0ubuntu1)
ksysguard (4:5.4.2-0ubuntu1)
ksysguard-data (4:5.4.2-0ubuntu1)
ksysguardd (4:5.4.2-0ubuntu1)
kwalletmanager (4:15.08.2-0ubuntu1)
kwin (4:5.4.2-0ubuntu1)
kwin-common (4:5.4.2-0ubuntu1)
kwin-data (4:5.4.2-0ubuntu1)
kwin-x11 (4:5.4.2-0ubuntu1)
kwrited (4:5.4.2-0ubuntu1)
libcln6 (1.3.4-1)
libdebconf-kde1 (1.0.2-0ubuntu1)
libdmtx0a (0.7.4-2)
libgps21 (3.11-3)
libkf5activitiesexperimentalstats1 (4:5.4.2-0ubuntu2)
libkf5bluezqt-data (5.15.0-0ubuntu1)
libkf5bluezqt6 (5.15.0-0ubuntu1)
libkf5dnssd-data (5.15.0-0ubuntu1)
libkf5dnssd5 (5.15.0-0ubuntu1)
libkf5emoticons-bin (5.15.0-0ubuntu1)
libkf5emoticons-data (5.15.0-0ubuntu1)
libkf5emoticons5 (5.15.0-0ubuntu1)
libkf5jsembed-data (5.15.0-0ubuntu1)
libkf5jsembed5 (5.15.0-0ubuntu1)
libkf5networkmanagerqt6 (5.15.0-0ubuntu1)
libkf5people-data (5.15.0-0ubuntu1)
libkf5people5 (5.15.0-0ubuntu1)
libkf5peoplebackend5 (5.15.0-0ubuntu1)
libkf5peoplewidgets5 (5.15.0-0ubuntu1)
libkf5prison1 (1.2~git20150223-0ubuntu2)
libkf5runner5 (5.15.0-0ubuntu1)
libkf5screen6 (4:5.4.2-0ubuntu1)
libkf5su-bin (5.15.0-0ubuntu1)
libkf5su-data (5.15.0-0ubuntu1)
libkf5su5 (5.15.0-0ubuntu1)
libkf5sysguard-bin (4:5.4.2-0ubuntu2)
libkf5sysguard-data (4:5.4.2-0ubuntu2)
libkf5waylandserver5 (4:5.4.2-0ubuntu1)
libkf5webkit5 (5.15.0-0ubuntu1)
libkf5xmlrpcclient-data (5.15.0-0ubuntu1)
libkf5xmlrpcclient5 (5.15.0-0ubuntu1)
libkfontinst5 (4:5.4.2-0ubuntu2)
libkfontinstui5 (4:5.4.2-0ubuntu2)
libksgrd7 (4:5.4.2-0ubuntu2)
libksignalplotter7 (4:5.4.2-0ubuntu2)
libkwin4-effect-builtins1 (4:5.4.2-0ubuntu1)
libkwineffects6 (4:5.4.2-0ubuntu1)
libkwinglutils6 (4:5.4.2-0ubuntu1)
libkwinxrenderutils6 (4:5.4.2-0ubuntu1)
libkworkspace5-5 (4:5.4.2-0ubuntu1)
libmuon (4:5.4.2-0ubuntu1)
libopenobex1 (1.5-3)
liboxygenstyle5-5 (4:5.4.2-0ubuntu1)
liboxygenstyleconfig5-5 (4:5.4.2-0ubuntu1)
libpackagekitqt5-0 (0.9.5-2ubuntu1)
libplasma-geolocation-interface5 (4:5.4.2-0ubuntu1)
libpowerdevilcore2 (4:5.4.2-0ubuntu1)
libpowerdevilui5 (4:5.4.2-0ubuntu1)
libprocesscore7 (4:5.4.2-0ubuntu2)
libprocessui7 (4:5.4.2-0ubuntu2)
libqalculate5-data (0.9.7-9.1)
libqalculate5v5 (0.9.7-9.1)
libqca-qt5-2 (2.1.0.3-0ubuntu4)
libqca-qt5-2-plugins (2.1.0.3-0ubuntu4)
libqrencode3 (3.4.3-1)
libqt5concurrent5 (5.4.2+dfsg-2ubuntu9)
libqt5designer5 (5.4.2-3)
libqt5designercomponents5 (5.4.2-3)
libqt5quickwidgets5 (5.4.2-1ubuntu6)
libssh-4 (0.6.3-3ubuntu3)
libtaskmanager5 (4:5.4.2-0ubuntu1)
libweather-ion7 (4:5.4.2-0ubuntu1)
libxcb-cursor0 (0.1.1-3ubuntu1)
libxcb-dpms0 (1.11-0ubuntu1)
libxcb-record0 (1.11-0ubuntu1)
milou (4:5.4.2-0ubuntu1)
muon-common (4:5.4.2-0ubuntu1)
muon-discover (4:5.4.2-0ubuntu1)
muon-notifier (4:5.4.2-0ubuntu1)
muon-updater (4:5.4.2-0ubuntu1)
obex-data-server (0.4.6-0ubuntu2)
oxygen-sounds (4:5.4.2-0ubuntu1)
pam-kwallet4 (4:5.4.2-0ubuntu1)
pam-kwallet5 (4:5.4.2-0ubuntu1)
plasma-desktop (4:5.4.2-0ubuntu2)
plasma-desktop-data (4:5.4.2-0ubuntu2)
plasma-pa (4:5.4.2-0ubuntu3)
plasma-workspace (4:5.4.2-0ubuntu1)
polkit-kde-agent-1 (4:5.4.2-0ubuntu1)
powerdevil (4:5.4.2-0ubuntu1)
powerdevil-data (4:5.4.2-0ubuntu1)
python3-pyqt5 (5.4.2+dfsg-1build3)
qdbus-qt5 (5.4.2-3)
qml-module-org-kde-bluezqt (5.15.0-0ubuntu1)
qml-module-org-kde-draganddrop (5.15.0-0ubuntu1)
qml-module-org-kde-extensionplugin (5.15.0-0ubuntu1)
qml-module-org-kde-kcoreaddons (5.15.0-0ubuntu1)
qml-module-org-kde-kwindowsystem (5.15.0-0ubuntu1)
qml-module-org-kde-runnermodel (5.15.0-0ubuntu1)
qml-module-org-kde-solid (5.15.0-0ubuntu1)
qml-module-qtgraphicaleffects (5.4.2-1ubuntu2)
qtdeclarative5-kf5declarative (5.15.0-0ubuntu1)
qtdeclarative5-kf5solid (5.15.0-0ubuntu1)
qttools5-dev-tools (5.4.2-3)
socat (1.7.3.0-1)
software-properties-kde (0.96.13.1)
ubuntu-release-upgrader-qt (1:15.10.14.3)
user-manager (4:5.4.2-0ubuntu1)
