Commit Log for Thu Dec 10 21:54:01 2015


Instaló los siguientes paquetes:
baloo-kf5 (5.15.0a-0ubuntu1)
catdoc (0.94.4-1.1)
dolphin (4:15.08.2-0ubuntu1)
dolphin4 (4:15.08.2-0ubuntu1)
ffmpegthumbs (4:15.08.2-0ubuntu1)
goldendict (1.5.0~git20131003-1build4)
kde-thumbnailer-deb (3.0.1-0ubuntu1.1)
kde-thumbnailer-openoffice (1.0.0-0ubuntu5)
libboost-iostreams1.58.0 (1.58.0+dfsg-3.1ubuntu1)
libdolphinvcs5 (4:15.08.2-0ubuntu1)
libepub0 (0.2.2-4build1)
libfreehand-0.1-1 (0.1.1-1)
libkf5baloo5 (5.15.0a-0ubuntu1)
libkf5balooengine5 (5.15.0a-0ubuntu1)
libkf5baloowidgets-bin (4:15.08.2-0ubuntu1)
libkf5baloowidgets5 (4:15.08.2-0ubuntu1)
libkf5filemetadata-bin (5.15.0-0ubuntu1)
libkf5filemetadata-data (5.15.0-0ubuntu1)
libkf5filemetadata3 (5.15.0-0ubuntu1)
libkonq-common (4:15.08.2-0ubuntu1)
libkonq5-templates (4:15.08.2-0ubuntu1)
libkonq5abi1 (4:15.08.2-0ubuntu1)
liblmdb0 (0.9.15-1)
libmspub-0.1-1 (0.1.2-2build1)
liborcus-0.10-0v5 (0.9.2-3ubuntu3)
libpagemaker-0.0-0 (0.0.2-2ubuntu4)
libpoppler-qt5-1 (0.33.0-0ubuntu3)
libreoffice-calc (1:5.0.2-0ubuntu1)
libreoffice-draw (1:5.0.2-0ubuntu1)
libreoffice-pdfimport (1:5.0.2-0ubuntu1)
libzip4 (1.0.1-0ubuntu1)
